<?xml version="1.0" encoding="UTF-8"?>
<!-- Generated by org.testng.reporters.JUnitReportReporter -->
<testsuite hostname="IN2199617W2" failures="0" tests="3" name="test.FifthTestNG" time="0.025" errors="0" timestamp="2023-01-05T11:56:07 IST" skipped="0">
  <testcase classname="test.FifthTestNG" name="f" time="0.017"/>
  <system-out>
    <![CDATA[Code is uder function 1]]>
  </system-out>
  <testcase classname="test.FifthTestNG" name="f2" time="0.003"/>
  <system-out>
    <![CDATA[Code is uder function 2]]>
  </system-out>
  <testcase classname="test.FifthTestNG" name="f3" time="0.005"/>
  <system-out>
    <![CDATA[Code is uder function 3]]>
  </system-out>
</testsuite> <!-- test.FifthTestNG -->
