<?xml version="1.0" encoding="UTF-8"?>
<!-- Generated by org.testng.reporters.JUnitReportReporter -->
<testsuite hostname="IN2199617W2" failures="0" tests="1" name="test.FourthTestNG" time="0.669" errors="0" timestamp="2023-01-05T10:48:03 IST" skipped="0">
  <testcase classname="test.FourthTestNG" name="f" time="0.669"/>
  <system-out/>
</testsuite> <!-- test.FourthTestNG -->
